[
  {
    "level": "INFO",
    "message": "android.ndkVersion from module build.gradle is not set"
  },
  {
    "level": "INFO",
    "message": "ndk.dir in local.properties is not set"
  },
  {
    "level": "INFO",
    "message": "ANDROID_NDK_HOME environment variable is not set"
  },
  {
    "level": "INFO",
    "message": "sdkFolder is D:\\Android\\sdk"
  },
  {
    "level": "INFO",
    "message": "Because no explicit NDK was requested, the default version \u002721.0.6113669\u0027 for this Android Gradle Plugin will be used"
  },
  {
    "level": "INFO",
    "message": "Considering D:\\Android\\sdk\\ndk-bundle in SDK ndk-bundle folder"
  },
  {
    "level": "INFO",
    "message": "Considering D:\\Android\\sdk\\ndk\\16.1.4479499 in SDK ndk folder"
  },
  {
    "level": "INFO",
    "message": "Considering D:\\Android\\sdk\\ndk\\20.0.5594570 in SDK ndk folder"
  },
  {
    "level": "INFO",
    "message": "Considering D:\\Android\\sdk\\ndk\\21.0.6113669 in SDK ndk folder"
  },
  {
    "level": "INFO",
    "message": "Considering D:\\Android\\sdk\\ndk\\21.1.6352462 in SDK ndk folder"
  },
  {
    "level": "INFO",
    "message": "Considering D:\\Android\\sdk\\ndk\\21.4.7075529 in SDK ndk folder"
  },
  {
    "level": "INFO",
    "message": "Considering D:\\Android\\sdk\\ndk\\24.0.8215888 in SDK ndk folder"
  },
  {
    "level": "INFO",
    "message": "Considering D:\\Android\\sdk\\ndk\\25.0.8775105 in SDK ndk folder"
  },
  {
    "level": "INFO",
    "message": "Considering D:\\Android\\sdk\\ndk\\25.1.8937393 in SDK ndk folder"
  },
  {
    "level": "INFO",
    "message": "Considering D:\\Android\\sdk\\ndk\\android-ndk-r14b in SDK ndk folder"
  },
  {
    "level": "INFO",
    "message": "Rejected D:\\Android\\sdk\\ndk-bundle in SDK ndk-bundle folder because that location has no source.properties"
  },
  {
    "level": "INFO",
    "message": "Found requested NDK version 21.0.6113669 at D:\\Android\\sdk\\ndk\\21.0.6113669"
  }
]